1664363096113	geckodriver	INFO	Listening on 127.0.0.1:50544
1664368014965	geckodriver	INFO	Listening on 127.0.0.1:51758
1664368015997	mozrunner::runner	INFO	Running command: "C:\\Program Files (x86)\\Mozilla Firefox\\firefox.exe" "--marionette" "--disable-blink-features=AutomationControlled" "--remote-debugging-port" "51759" "--remote-allow-hosts" "localhost" "-no-remote" "-profile" "C:\\Users\\TAD6HC\\AppData\\Local\\Temp\\rust_mozprofileMxvBGQ"
1664368016730	Marionette	INFO	Marionette enabled
console.warn: SearchSettings: "get: No settings file exists, new profile?" (new NotFoundError("Could not open the file at C:\\Users\\TAD6HC\\AppData\\Local\\Temp\\rust_mozprofileMxvBGQ\\search.json.mozlz4", (void 0)))
DevTools listening on ws://localhost:51759/devtools/browser/0b8cce43-46d7-4045-9745-92feb601d045
1664368019224	Marionette	INFO	Listening on port 51764
1664368019702	RemoteAgent	WARN	TLS certificate errors will be ignored for this session
1664368030091	Marionette	INFO	Stopped listening on port 51764
JavaScript error: resource:///modules/Interactions.jsm, line 209: NS_ERROR_FAILURE: Component returned failure code: 0x80004005 (NS_ERROR_FAILURE) [nsIUserIdleService.removeIdleObserver]

###!!! [Child][MessageChannel] Error: (msgtype=0x590008,name=PHttpChannel::Msg_DeletingChannel) Channel closing: too late to send/recv, messages will be lost


###!!! [Child][MessageChannel] Error: (msgtype=0x590008,name=PHttpChannel::Msg_DeletingChannel) Channel closing: too late to send/recv, messages will be lost


###!!! [Child][MessageChannel] Error: (msgtype=0x590008,name=PHttpChannel::Msg_DeletingChannel) Channel closing: too late to send/recv, messages will be lost


###!!! [Child][MessageChannel] Error: (msgtype=0x590008,name=PHttpChannel::Msg_DeletingChannel) Channel closing: too late to send/recv, messages will be lost


###!!! [Child][MessageChannel] Error: (msgtype=0x590008,name=PHttpChannel::Msg_DeletingChannel) Channel closing: too late to send/recv, messages will be lost


###!!! [Child][RunMessage] Error: Channel closing: too late to send/recv, messages will be lost


###!!! [Child][RunMessage] Error: Channel closing: too late to send/recv, messages will be lost


###!!! [Child][MessageChannel] Error: (msgtype=0x590008,name=PHttpChannel::Msg_DeletingChannel) Channel closing: too late to send/recv, messages will be lost

!!! error running onStopped callback: TypeError: callback is not a function

###!!! [Parent][RunMessage] Error: Channel closing: too late to send/recv, messages will be lost

1664368030574	RemoteAgent	ERROR	unable to stop listener: [Exception... "Component returned failure code: 0x8000ffff (NS_ERROR_UNEXPECTED) [nsIWindowMediator.getEnumerator]"  nsresult: "0x8000ffff (NS_ERROR_UNEXPECTED)"  location: "JS frame :: chrome://remote/content/cdp/observers/TargetObserver.jsm :: stop :: line 64"  data: no] Stack trace: stop()@TargetObserver.jsm:64
unwatchForTabs()@TargetList.jsm:70
unwatchForTargets()@TargetList.jsm:37
destructor()@TargetList.jsm:109
stop()@CDP.jsm:104
close()@RemoteAgent.jsm:138
1664368611918	geckodriver	INFO	Listening on 127.0.0.1:52095
1664369226234	geckodriver	INFO	Listening on 127.0.0.1:52484
1664370726853	geckodriver	INFO	Listening on 127.0.0.1:53034
1664370805636	geckodriver	INFO	Listening on 127.0.0.1:53061
1664370806727	mozrunner::runner	INFO	Running command: "C:\\Program Files (x86)\\Mozilla Firefox\\firefox.exe" "--marionette" "--disable-blink-features=AutomationControlled" "--remote-debugging-port" "53062" "--remote-allow-hosts" "localhost" "-no-remote" "-profile" "C:\\Users\\TAD6HC\\AppData\\Local\\Temp\\rust_mozprofilefErINk"
1664370807369	Marionette	INFO	Marionette enabled
console.warn: SearchSettings: "get: No settings file exists, new profile?" (new NotFoundError("Could not open the file at C:\\Users\\TAD6HC\\AppData\\Local\\Temp\\rust_mozprofilefErINk\\search.json.mozlz4", (void 0)))
DevTools listening on ws://localhost:53062/devtools/browser/7091699c-d9ba-4f6a-874a-277ff7312d0c
1664370809581	Marionette	INFO	Listening on port 53067
1664370809889	RemoteAgent	WARN	TLS certificate errors will be ignored for this session
1664370835240	Marionette	INFO	Stopped listening on port 53067
JavaScript error: resource:///modules/Interactions.jsm, line 209: NS_ERROR_FAILURE: Component returned failure code: 0x80004005 (NS_ERROR_FAILURE) [nsIUserIdleService.removeIdleObserver]
!!! error running onStopped callback: TypeError: callback is not a function

###!!! [Parent][RunMessage] Error: Channel closing: too late to send/recv, messages will be lost

1664370835700	RemoteAgent	ERROR	unable to stop listener: [Exception... "Component returned failure code: 0x8000ffff (NS_ERROR_UNEXPECTED) [nsIWindowMediator.getEnumerator]"  nsresult: "0x8000ffff (NS_ERROR_UNEXPECTED)"  location: "JS frame :: chrome://remote/content/cdp/observers/TargetObserver.jsm :: stop :: line 64"  data: no] Stack trace: stop()@TargetObserver.jsm:64
unwatchForTabs()@TargetList.jsm:70
unwatchForTargets()@TargetList.jsm:37
destructor()@TargetList.jsm:109
stop()@CDP.jsm:104
close()@RemoteAgent.jsm:138
1664370838306	geckodriver	INFO	Listening on 127.0.0.1:53197
1664370839331	mozrunner::runner	INFO	Running command: "C:\\Program Files (x86)\\Mozilla Firefox\\firefox.exe" "--marionette" "--disable-blink-features=AutomationControlled" "--remote-debugging-port" "53198" "--remote-allow-hosts" "localhost" "-no-remote" "-profile" "C:\\Users\\TAD6HC\\AppData\\Local\\Temp\\rust_mozprofilehuqZLf"
1664370839902	Marionette	INFO	Marionette enabled
console.warn: SearchSettings: "get: No settings file exists, new profile?" (new NotFoundError("Could not open the file at C:\\Users\\TAD6HC\\AppData\\Local\\Temp\\rust_mozprofilehuqZLf\\search.json.mozlz4", (void 0)))
DevTools listening on ws://localhost:53198/devtools/browser/4b2870af-129f-4888-ab95-17f2c95630bd
1664370842006	Marionette	INFO	Listening on port 53203
1664370842496	RemoteAgent	WARN	TLS certificate errors will be ignored for this session
1664370868272	Marionette	INFO	Stopped listening on port 53203
JavaScript error: resource:///modules/Interactions.jsm, line 209: NS_ERROR_FAILURE: Component returned failure code: 0x80004005 (NS_ERROR_FAILURE) [nsIUserIdleService.removeIdleObserver]
!!! error running onStopped callback: TypeError: callback is not a function

###!!! [Parent][RunMessage] Error: Channel closing: too late to send/recv, messages will be lost

1664370868718	RemoteAgent	ERROR	unable to stop listener: [Exception... "Component returned failure code: 0x8000ffff (NS_ERROR_UNEXPECTED) [nsIWindowMediator.getEnumerator]"  nsresult: "0x8000ffff (NS_ERROR_UNEXPECTED)"  location: "JS frame :: chrome://remote/content/cdp/observers/TargetObserver.jsm :: stop :: line 64"  data: no] Stack trace: stop()@TargetObserver.jsm:64
unwatchForTabs()@TargetList.jsm:70
unwatchForTargets()@TargetList.jsm:37
destructor()@TargetList.jsm:109
stop()@CDP.jsm:104
close()@RemoteAgent.jsm:138
1664370871752	geckodriver	INFO	Listening on 127.0.0.1:53309
1664370872786	mozrunner::runner	INFO	Running command: "C:\\Program Files (x86)\\Mozilla Firefox\\firefox.exe" "--marionette" "--disable-blink-features=AutomationControlled" "--remote-debugging-port" "53310" "--remote-allow-hosts" "localhost" "-no-remote" "-profile" "C:\\Users\\TAD6HC\\AppData\\Local\\Temp\\rust_mozprofilexCcGVJ"
1664370873423	Marionette	INFO	Marionette enabled
console.warn: SearchSettings: "get: No settings file exists, new profile?" (new NotFoundError("Could not open the file at C:\\Users\\TAD6HC\\AppData\\Local\\Temp\\rust_mozprofilexCcGVJ\\search.json.mozlz4", (void 0)))
DevTools listening on ws://localhost:53310/devtools/browser/7442ce8e-8296-4cf9-987a-7cf8f8aa16f3
1664370875802	Marionette	INFO	Listening on port 53315
1664370875950	RemoteAgent	WARN	TLS certificate errors will be ignored for this session
1664370898698	Marionette	INFO	Stopped listening on port 53315
JavaScript error: resource:///modules/Interactions.jsm, line 209: NS_ERROR_FAILURE: Component returned failure code: 0x80004005 (NS_ERROR_FAILURE) [nsIUserIdleService.removeIdleObserver]
!!! error running onStopped callback: TypeError: callback is not a function

###!!! [Parent][RunMessage] Error: Channel closing: too late to send/recv, messages will be lost

1664370899141	RemoteAgent	ERROR	unable to stop listener: [Exception... "Component returned failure code: 0x8000ffff (NS_ERROR_UNEXPECTED) [nsIWindowMediator.getEnumerator]"  nsresult: "0x8000ffff (NS_ERROR_UNEXPECTED)"  location: "JS frame :: chrome://remote/content/cdp/observers/TargetObserver.jsm :: stop :: line 64"  data: no] Stack trace: stop()@TargetObserver.jsm:64
unwatchForTabs()@TargetList.jsm:70
unwatchForTargets()@TargetList.jsm:37
destructor()@TargetList.jsm:109
stop()@CDP.jsm:104
close()@RemoteAgent.jsm:138
1664370919384	geckodriver	INFO	Listening on 127.0.0.1:53419
1664370920440	mozrunner::runner	INFO	Running command: "C:\\Program Files (x86)\\Mozilla Firefox\\firefox.exe" "--marionette" "--disable-blink-features=AutomationControlled" "--remote-debugging-port" "53420" "--remote-allow-hosts" "localhost" "-no-remote" "-profile" "C:\\Users\\TAD6HC\\AppData\\Local\\Temp\\rust_mozprofilee1fwWH"
1664370921012	Marionette	INFO	Marionette enabled
console.warn: SearchSettings: "get: No settings file exists, new profile?" (new NotFoundError("Could not open the file at C:\\Users\\TAD6HC\\AppData\\Local\\Temp\\rust_mozprofilee1fwWH\\search.json.mozlz4", (void 0)))
DevTools listening on ws://localhost:53420/devtools/browser/944201d7-eb78-48fb-a1c5-535ec6bff6cc
1664370923103	Marionette	INFO	Listening on port 53425
1664370923593	RemoteAgent	WARN	TLS certificate errors will be ignored for this session
1664370979653	Marionette	INFO	Stopped listening on port 53425
JavaScript error: resource:///modules/Interactions.jsm, line 209: NS_ERROR_FAILURE: Component returned failure code: 0x80004005 (NS_ERROR_FAILURE) [nsIUserIdleService.removeIdleObserver]
!!! error running onStopped callback: TypeError: callback is not a function

###!!! [Parent][RunMessage] Error: Channel closing: too late to send/recv, messages will be lost

1664370980035	RemoteAgent	ERROR	unable to stop listener: [Exception... "Component returned failure code: 0x8000ffff (NS_ERROR_UNEXPECTED) [nsIWindowMediator.getEnumerator]"  nsresult: "0x8000ffff (NS_ERROR_UNEXPECTED)"  location: "JS frame :: chrome://remote/content/cdp/observers/TargetObserver.jsm :: stop :: line 64"  data: no] Stack trace: stop()@TargetObserver.jsm:64
unwatchForTabs()@TargetList.jsm:70
unwatchForTargets()@TargetList.jsm:37
destructor()@TargetList.jsm:109
stop()@CDP.jsm:104
close()@RemoteAgent.jsm:138
1664370983095	geckodriver	INFO	Listening on 127.0.0.1:53570
1664418939770	geckodriver	INFO	Listening on 127.0.0.1:59473
1664418972645	geckodriver	INFO	Listening on 127.0.0.1:59491
1664418973654	mozrunner::runner	INFO	Running command: "C:\\Program Files (x86)\\Mozilla Firefox\\firefox.exe" "--marionette" "--disable-blink-features=AutomationControlled" "--remote-debugging-port" "59492" "--remote-allow-hosts" "localhost" "-no-remote" "-profile" "C:\\Users\\TAD6HC\\AppData\\Local\\Temp\\rust_mozprofiley12Bm9"
1664418974697	Marionette	INFO	Marionette enabled
console.warn: SearchSettings: "get: No settings file exists, new profile?" (new NotFoundError("Could not open the file at C:\\Users\\TAD6HC\\AppData\\Local\\Temp\\rust_mozprofiley12Bm9\\search.json.mozlz4", (void 0)))
DevTools listening on ws://localhost:59492/devtools/browser/4c07567a-45ea-4f93-81ee-d80961c4680d
1664418977268	Marionette	INFO	Listening on port 59497
1664418977417	RemoteAgent	WARN	TLS certificate errors will be ignored for this session
1664421580221	Marionette	INFO	Stopped listening on port 59497
JavaScript error: resource:///modules/Interactions.jsm, line 209: NS_ERROR_FAILURE: Component returned failure code: 0x80004005 (NS_ERROR_FAILURE) [nsIUserIdleService.removeIdleObserver]
!!! error running onStopped callback: TypeError: callback is not a function

###!!! [Parent][RunMessage] Error: Channel closing: too late to send/recv, messages will be lost

1664421580489	RemoteAgent	ERROR	unable to stop listener: [Exception... "Component returned failure code: 0x8000ffff (NS_ERROR_UNEXPECTED) [nsIWindowMediator.getEnumerator]"  nsresult: "0x8000ffff (NS_ERROR_UNEXPECTED)"  location: "JS frame :: chrome://remote/content/cdp/observers/TargetObserver.jsm :: stop :: line 64"  data: no] Stack trace: stop()@TargetObserver.jsm:64
unwatchForTabs()@TargetList.jsm:70
unwatchForTargets()@TargetList.jsm:37
destructor()@TargetList.jsm:109
stop()@CDP.jsm:104
close()@RemoteAgent.jsm:138
g on port 59885
1664419306825	RemoteAgent	WARN	TLS certificate errors will be ignored for this session
1664419345655	geckodriver	INFO	Listening on 127.0.0.1:59997
1664419346679	mozrunner::runner	INFO	Running command: "C:\\Program Files (x86)\\Mozilla Firefox\\firefox.exe" "--marionette" "--headless" "--no-sandbox" "--disable-dev-shm-usage" "--remote-debugging-port" "59998" "--remote-allow-hosts" "localhost" "-no-remote" "-profile" "C:\\Users\\TAD6HC\\AppData\\Local\\Temp\\rust_mozprofileK9uV0n"
*** You are running in headless mode.
1664419347318	Marionette	INFO	Marionette enabled
[GFX1-]: RenderCompositorSWGL failed mapping default framebuffer, no dt
console.warn: SearchSettings: "get: No settings file exists, new profile?" (new NotFoundError("Could not open the file at C:\\Users\\TAD6HC\\AppData\\Local\\Temp\\rust_mozprofileK9uV0n\\search.json.mozlz4", (void 0)))
DevTools listening on ws://localhost:59998/devtools/browser/a67b8695-b0c2-4fc5-888a-66a5166126c8
1664419348912	Marionette	INFO	Listening on port 60008
1664419349400	RemoteAgent	WARN	TLS certificate errors will be ignored for this session
Exiting due to channel error.
Listening on 127.0.0.1:61618
1664421492697	mozrunner::runner	INFO	Running command: "C:\\Program Files (x86)\\Mozilla Firefox\\firefox.exe" "--marionette" "--remote-debugging-port" "61619" "--remote-allow-hosts" "localhost" "-no-remote" "-profile" "C:\\Users\\TAD6HC\\AppData\\Local\\Temp\\rust_mozprofileUDhxwF"
1664421493426	Marionette	INFO	Marionette enabled
console.warn: SearchSettings: "get: No settings file exists, new profile?" (new NotFoundError("Could not open the file at C:\\Users\\TAD6HC\\AppData\\Local\\Temp\\rust_mozprofileUDhxwF\\search.json.mozlz4", (void 0)))
console.error: Region.jsm: "Error fetching region" (new TypeError("NetworkError when attempting to fetch resource.", ""))
console.error: Region.jsm: "Failed to fetch region" (new Error("NO_RESULT", "resource://gre/modules/Region.jsm", 419))
console.warn: SearchUtils: "loadListener: request failed!"
console.warn: SearchEngine: "iconLoadCallback: load failed"
console.warn: SearchUtils: "loadListener: request failed!"
console.warn: SearchEngine: "iconLoadCallback: load failed"
DevTools listening on ws://localhost:61619/devtools/browser/116dbebf-6a1d-48e0-a19b-18ed5c4c31b3
1664421495819	Marionette	INFO	Listening on port 61624
1664421495890	RemoteAgent	WARN	TLS certificate errors will be ignored for this session
1664421577918	Marionette	INFO	Stopped listening on port 61624
JavaScript error: resource:///modules/Interactions.jsm, line 209: NS_ERROR_FAILURE: Component returned failure code: 0x80004005 (NS_ERROR_FAILURE) [nsIUserIdleService.removeIdleObserver]
!!! error running onStopped callback: TypeError: callback is not a function

###!!! [Parent][RunMessage] Error: Channel closing: too late to send/recv, messages will be lost

1664421578385	RemoteAgent	ERROR	unable to stop listener: [Exception... "Component returned failure code: 0x8000ffff (NS_ERROR_UNEXPECTED) [nsIWindowMediator.getEnumerator]"  nsresult: "0x8000ffff (NS_ERROR_UNEXPECTED)"  location: "JS frame :: chrome://remote/content/cdp/observers/TargetObserver.jsm :: stop :: line 64"  data: no] Stack trace: stop()@TargetObserver.jsm:64
unwatchForTabs()@TargetList.jsm:70
unwatchForTargets()@TargetList.jsm:37
destructor()@TargetList.jsm:109
stop()@CDP.jsm:104
close()@RemoteAgent.jsm:138
1664421680825	geckodriver	INFO	Listening on 127.0.0.1:61847
1664421681863	mozrunner::runner	INFO	Running command: "C:\\Program Files (x86)\\Mozilla Firefox\\firefox.exe" "--marionette" "--remote-debugging-port" "61848" "--remote-allow-hosts" "localhost" "-no-remote" "-profile" "C:\\Users\\TAD6HC\\AppData\\Local\\Temp\\rust_mozprofile0oMKzd"
1664421682497	Marionette	INFO	Marionette enabled
console.warn: SearchSettings: "get: No settings file exists, new profile?" (new NotFoundError("Could not open the file at C:\\Users\\TAD6HC\\AppData\\Local\\Temp\\rust_mozprofile0oMKzd\\search.json.mozlz4", (void 0)))
console.error: Region.jsm: "Error fetching region" (new TypeError("NetworkError when attempting to fetch resource.", ""))
console.error: Region.jsm: "Failed to fetch region" (new Error("NO_RESULT", "resource://gre/modules/Region.jsm", 419))
console.warn: SearchUtils: "loadListener: request failed!"
console.warn: SearchEngine: "iconLoadCallback: load failed"
console.warn: SearchUtils: "loadListener: request failed!"
console.warn: SearchEngine: "iconLoadCallback: load failed"
DevTools listening on ws://localhost:61848/devtools/browser/72f6c5a6-988c-4cdd-b173-cabf6f99d86a
1664421684772	Marionette	INFO	Listening on port 61853
1664421685047	RemoteAgent	WARN	TLS certificate errors will be ignored for this session
1664421944793	Marionette	INFO	Stopped listening on port 61853
JavaScript error: resource:///modules/Interactions.jsm, line 209: NS_ERROR_FAILURE: Component returned failure code: 0x80004005 (NS_ERROR_FAILURE) [nsIUserIdleService.removeIdleObserver]
!!! error running onStopped callback: TypeError: callback is not a function

###!!! [Parent][RunMessage] Error: Channel closing: too late to send/recv, messages will be lost

1664421944978	RemoteAgent	ERROR	unable to stop listener: [Exception... "Component returned failure code: 0x8000ffff (NS_ERROR_UNEXPECTED) [nsIWindowMediator.getEnumerator]"  nsresult: "0x8000ffff (NS_ERROR_UNEXPECTED)"  location: "JS frame :: chrome://remote/content/cdp/observers/TargetObserver.jsm :: stop :: line 64"  data: no] Stack trace: stop()@TargetObserver.jsm:64
unwatchForTabs()@TargetList.jsm:70
unwatchForTargets()@TargetList.jsm:37
destructor()@TargetList.jsm:109
stop()@CDP.jsm:104
close()@RemoteAgent.jsm:138
1664421953895	geckodriver	INFO	Listening on 127.0.0.1:62048
1664421954946	mozrunner::runner	INFO	Running command: "C:\\Program Files (x86)\\Mozilla Firefox\\firefox.exe" "--marionette" "--remote-debugging-port" "62049" "--remote-allow-hosts" "localhost" "-no-remote" "-profile" "C:\\Users\\TAD6HC\\AppData\\Local\\Temp\\rust_mozprofileU0oMJj"
1664421955591	Marionette	INFO	Marionette enabled
console.warn: SearchSettings: "get: No settings file exists, new profile?" (new NotFoundError("Could not open the file at C:\\Users\\TAD6HC\\AppData\\Local\\Temp\\rust_mozprofileU0oMJj\\search.json.mozlz4", (void 0)))
console.error: Region.jsm: "Error fetching region" (new TypeError("NetworkError when attempting to fetch resource.", ""))
console.error: Region.jsm: "Failed to fetch region" (new Error("NO_RESULT", "resource://gre/modules/Region.jsm", 419))
console.warn: SearchUtils: "loadListener: request failed!"
console.warn: SearchEngine: "iconLoadCallback: load failed"
console.warn: SearchUtils: "loadListener: request failed!"
console.warn: SearchEngine: "iconLoadCallback: load failed"
DevTools listening on ws://localhost:62049/devtools/browser/f306cb1f-2672-4fe9-bc31-3eda1ec8b5be
1664421957895	Marionette	INFO	Listening on port 62055
1664421958126	RemoteAgent	WARN	TLS certificate errors will be ignored for this session
1664422030954	Marionette	INFO	Stopped listening on port 62055
JavaScript error: resource:///modules/Interactions.jsm, line 209: NS_ERROR_FAILURE: Component returned failure code: 0x80004005 (NS_ERROR_FAILURE) [nsIUserIdleService.removeIdleObserver]
!!! error running onStopped callback: TypeError: callback is not a function

###!!! [Parent][RunMessage] Error: Channel closing: too late to send/recv, messages will be lost

1664422033271	RemoteAgent	ERROR	unable to stop listener: [Exception... "Component returned failure code: 0x8000ffff (NS_ERROR_UNEXPECTED) [nsIWindowMediator.getEnumerator]"  nsresult: "0x8000ffff (NS_ERROR_UNEXPECTED)"  location: "JS frame :: chrome://remote/content/cdp/observers/TargetObserver.jsm :: stop :: line 64"  data: no] Stack trace: stop()@TargetObserver.jsm:64
unwatchForTabs()@TargetList.jsm:70
unwatchForTargets()@TargetList.jsm:37
destructor()@TargetList.jsm:109
stop()@CDP.jsm:104
close()@RemoteAgent.jsm:138
1664422034562	geckodriver	INFO	Listening on 127.0.0.1:62128
1664422035625	mozrunner::runner	INFO	Running command: "C:\\Program Files (x86)\\Mozilla Firefox\\firefox.exe" "--marionette" "--remote-debugging-port" "62129" "--remote-allow-hosts" "localhost" "-no-remote" "-profile" "C:\\Users\\TAD6HC\\AppData\\Local\\Temp\\rust_mozprofileKvfUJY"
1664422036201	Marionette	INFO	Marionette enabled
console.warn: SearchSettings: "get: No settings file exists, new profile?" (new NotFoundError("Could not open the file at C:\\Users\\TAD6HC\\AppData\\Local\\Temp\\rust_mozprofileKvfUJY\\search.json.mozlz4", (void 0)))
DevTools listening on ws://localhost:62129/devtools/browser/81a2fe71-05bf-4dd0-89f5-e427f31dad4e
1664422038449	Marionette	INFO	Listening on port 62135
1664422038822	RemoteAgent	WARN	TLS certificate errors will be ignored for this session
console.error: Region.jsm: "Error fetching region" (new Error("TIMEOUT", "resource://gre/modules/Region.jsm", 772))
console.error: Region.jsm: "Failed to fetch region" (new Error("TIMEOUT", "resource://gre/modules/Region.jsm", 419))
console.warn: SearchUtils: "loadListener: request failed!"
console.warn: SearchEngine: "iconLoadCallback: load failed"
console.warn: SearchUtils: "loadListener: request failed!"
console.warn: SearchEngine: "iconLoadCallback: load failed"
1664422060119	Marionette	WARN	Ignoring event 'pageshow' because document has an invalid readyState of 'uninitialized'.
1664422072457	Marionette	INFO	Stopped listening on port 62135
JavaScript error: resource:///modules/Interactions.jsm, line 209: NS_ERROR_FAILURE: Component returned failure code: 0x80004005 (NS_ERROR_FAILURE) [nsIUserIdleService.removeIdleObserver]
!!! error running onStopped callback: TypeError: callback is not a function

###!!! [Parent][RunMessage] Error: Channel closing: too late to send/recv, messages will be lost

1664422072867	RemoteAgent	ERROR	unable to stop listener: [Exception... "Component returned failure code: 0x8000ffff (NS_ERROR_UNEXPECTED) [nsIWindowMediator.getEnumerator]"  nsresult: "0x8000ffff (NS_ERROR_UNEXPECTED)"  location: "JS frame :: chrome://remote/content/cdp/observers/TargetObserver.jsm :: stop :: line 64"  data: no] Stack trace: stop()@TargetObserver.jsm:64
unwatchForTabs()@TargetList.jsm:70
unwatchForTargets()@TargetList.jsm:37
destructor()@TargetList.jsm:109
stop()@CDP.jsm:104
close()@RemoteAgent.jsm:138
1664422080065	geckodriver	INFO	Listening on 127.0.0.1:62185
1664423828251	geckodriver	INFO	Listening on 127.0.0.1:62453
1664423865316	geckodriver	INFO	Listening on 127.0.0.1:62464
1664423893222	geckodriver	INFO	Listening on 127.0.0.1:62480
1664424205250	geckodriver	INFO	Listening on 127.0.0.1:62608
1664424314944	geckodriver	INFO	Listening on 127.0.0.1:62641
1664424339513	geckodriver	INFO	Listening on 127.0.0.1:62652
1664424378994	geckodriver	INFO	Listening on 127.0.0.1:62670
1664424568335	geckodriver	INFO	Listening on 127.0.0.1:62798
1664424597605	geckodriver	INFO	Listening on 127.0.0.1:62811
1664431643086	geckodriver	INFO	Listening on 127.0.0.1:54539
1664431644103	mozrunner::runner	INFO	Running command: "C:\\Program Files (x86)\\Mozilla Firefox\\firefox.exe" "--marionette" "--headless" "--no-sandbox" "--disable-dev-shm-usage" "--disable-blink-features=AutomationControlled" "--remote-debugging-port" "54540" "--remote-allow-hosts" "localhost" "-no-remote" "-profile" "C:\\Users\\TAD6HC\\AppData\\Local\\Temp\\rust_mozprofilePkPEkg"
*** You are running in headless mode.
1664431644703	Marionette	INFO	Marionette enabled
[GFX1-]: RenderCompositorSWGL failed mapping default framebuffer, no dt
console.warn: SearchSettings: "get: No settings file exists, new profile?" (new NotFoundError("Could not open the file at C:\\Users\\TAD6HC\\AppData\\Local\\Temp\\rust_mozprofilePkPEkg\\search.json.mozlz4", (void 0)))
DevTools listening on ws://localhost:54540/devtools/browser/7532d897-e0ed-4e21-96e9-2a25614b0260
1664431646192	Marionette	INFO	Listening on port 54545
1664431646272	RemoteAgent	WARN	TLS certificate errors will be ignored for this session
Exiting due to channel error.
Listening on 127.0.0.1:54726
1664431736547	mozrunner::runner	INFO	Running command: "C:\\Program Files (x86)\\Mozilla Firefox\\firefox.exe" "--marionette" "--headless" "--no-sandbox" "--disable-dev-shm-usage" "--disable-blink-features=AutomationControlled" "--remote-debugging-port" "54727" "--remote-allow-hosts" "localhost" "-no-remote" "-profile" "C:\\Users\\TAD6HC\\AppData\\Local\\Temp\\rust_mozprofilepQnZWH"
*** You are running in headless mode.
1664431737202	Marionette	INFO	Marionette enabled
[GFX1-]: RenderCompositorSWGL failed mapping default framebuffer, no dt
console.warn: SearchSettings: "get: No settings file exists, new profile?" (new NotFoundError("Could not open the file at C:\\Users\\TAD6HC\\AppData\\Local\\Temp\\rust_mozprofilepQnZWH\\search.json.mozlz4", (void 0)))
DevTools listening on ws://localhost:54727/devtools/browser/f55bf75e-cae4-4ac8-a1ec-0f4c31d16864
1664431738863	Marionette	INFO	Listening on port 54732
1664431739249	RemoteAgent	WARN	TLS certificate errors will be ignored for this session
1664431775061	geckodriver	INFO	Listening on 127.0.0.1:54840
1664431776043	mozrunner::runner	INFO	Running command: "C:\\Program Files (x86)\\Mozilla Firefox\\firefox.exe" "--marionette" "--disable-blink-features=AutomationControlled" "--remote-debugging-port" "54841" "--remote-allow-hosts" "localhost" "-no-remote" "-profile" "C:\\Users\\TAD6HC\\AppData\\Local\\Temp\\rust_mozprofile3rkrG5"
1664431776812	Marionette	INFO	Marionette enabled
console.warn: SearchSettings: "get: No settings file exists, new profile?" (new NotFoundError("Could not open the file at C:\\Users\\TAD6HC\\AppData\\Local\\Temp\\rust_mozprofile3rkrG5\\search.json.mozlz4", (void 0)))
DevTools listening on ws://localhost:54841/devtools/browser/f13190ac-c9ac-40b1-8684-7eb822755ca0
1664431779579	Marionette	INFO	Listening on port 54848
1664431779752	RemoteAgent	WARN	TLS certificate errors will be ignored for this session
1664432048700	Marionette	INFO	Stopped listening on port 54848
JavaScript error: resource:///modules/Interactions.jsm, line 209: NS_ERROR_FAILURE: Component returned failure code: 0x80004005 (NS_ERROR_FAILURE) [nsIUserIdleService.removeIdleObserver]
!!! error running onStopped callback: TypeError: callback is not a function

###!!! [Parent][RunMessage] Error: Channel closing: too late to send/recv, messages will be lost

1664432048876	RemoteAgent	ERROR	unable to stop listener: [Exception... "Component returned failure code: 0x8000ffff (NS_ERROR_UNEXPECTED) [nsIWindowMediator.getEnumerator]"  nsresult: "0x8000ffff (NS_ERROR_UNEXPECTED)"  location: "JS frame :: chrome://remote/content/cdp/observers/TargetObserver.jsm :: stop :: line 64"  data: no] Stack trace: stop()@TargetObserver.jsm:64
unwatchForTabs()@TargetList.jsm:70
unwatchForTargets()@TargetList.jsm:37
destructor()@TargetList.jsm:109
stop()@CDP.jsm:104
close()@RemoteAgent.jsm:138
1664447612998	geckodriver	INFO	Listening on 127.0.0.1:53125
1664447765314	geckodriver	INFO	Listening on 127.0.0.1:53192
1664447878297	geckodriver	INFO	Listening on 127.0.0.1:53276
1664448020352	geckodriver	INFO	Listening on 127.0.0.1:53375
1664448050209	geckodriver	INFO	Listening on 127.0.0.1:53404
1664448534292	geckodriver	INFO	Listening on 127.0.0.1:53983
1664448635894	geckodriver	INFO	Listening on 127.0.0.1:54120
1664449281212	geckodriver	INFO	Listening on 127.0.0.1:58637
1664449546569	geckodriver	INFO	Listening on 127.0.0.1:58979
1664449547565	mozrunner::runner	INFO	Running command: "C:\\Program Files (x86)\\Mozilla Firefox\\firefox.exe" "--marionette" "--remote-debugging-port" "58980" "--remote-allow-hosts" "localhost" "-no-remote" "-profile" "C:\\Users\\TAD6HC\\AppData\\Local\\Temp\\rust_mozprofile9mmosP"
1664449548884	Marionette	INFO	Marionette enabled
console.warn: SearchSettings: "get: No settings file exists, new profile?" (new NotFoundError("Could not open the file at C:\\Users\\TAD6HC\\AppData\\Local\\Temp\\rust_mozprofile9mmosP\\search.json.mozlz4", (void 0)))
DevTools listening on ws://localhost:58980/devtools/browser/b5490af8-bd1e-4173-a4ff-7b125595119d
1664449552377	Marionette	INFO	Listening on port 58987
1664449552461	RemoteAgent	WARN	TLS certificate errors will be ignored for this session
JavaScript error: https://media.ethicalads.io/media/client/v1.4.0/ethicalads.min.js, line 1: Error: No ad placements found.
JavaScript error: resource:///actors/FormValidationChild.jsm, line 177: TypeError: this._element is null
1664449598368	Marionette	INFO	Stopped listening on port 58987
JavaScript error: resource:///modules/Interactions.jsm, line 209: NS_ERROR_FAILURE: Component returned failure code: 0x80004005 (NS_ERROR_FAILURE) [nsIUserIdleService.removeIdleObserver]
!!! error running onStopped callback: TypeError: callback is not a function
1664449599127	RemoteAgent	ERROR	unable to stop listener: [Exception... "Component returned failure code: 0x8000ffff (NS_ERROR_UNEXPECTED) [nsIWindowMediator.getEnumerator]"  nsresult: "0x8000ffff (NS_ERROR_UNEXPECTED)"  location: "JS frame :: chrome://remote/content/cdp/observers/TargetObserver.jsm :: stop :: line 64"  data: no] Stack trace: stop()@TargetObserver.jsm:64
unwatchForTabs()@TargetList.jsm:70
unwatchForTargets()@TargetList.jsm:37
destructor()@TargetList.jsm:109
stop()@CDP.jsm:104
close()@RemoteAgent.jsm:138
1664449603243	geckodriver	INFO	Listening on 127.0.0.1:59200
1664449604276	mozrunner::runner	INFO	Running command: "C:\\Program Files (x86)\\Mozilla Firefox\\firefox.exe" "--marionette" "--remote-debugging-port" "59201" "--remote-allow-hosts" "localhost" "-no-remote" "-profile" "C:\\Users\\TAD6HC\\AppData\\Local\\Temp\\rust_mozprofileumLNXU"
1664449605342	Marionette	INFO	Marionette enabled
console.warn: SearchSettings: "get: No settings file exists, new profile?" (new NotFoundError("Could not open the file at C:\\Users\\TAD6HC\\AppData\\Local\\Temp\\rust_mozprofileumLNXU\\search.json.mozlz4", (void 0)))
DevTools listening on ws://localhost:59201/devtools/browser/7f3358da-f637-4d13-a593-6fc77735ab39
1664449608832	Marionette	INFO	Listening on port 59208
1664449609136	RemoteAgent	WARN	TLS certificate errors will be ignored for this session
JavaScript error: https://media.ethicalads.io/media/client/v1.4.0/ethicalads.min.js, line 1: Error: No ad placements found.
JavaScript error: resource:///actors/FormValidationChild.jsm, line 177: TypeError: this._element is null
1664449732613	Marionette	INFO	Stopped listening on port 59208
JavaScript error: resource:///modules/Interactions.jsm, line 209: NS_ERROR_FAILURE: Component returned failure code: 0x80004005 (NS_ERROR_FAILURE) [nsIUserIdleService.removeIdleObserver]
!!! error running onStopped callback: TypeError: callback is not a function
1664449732782	RemoteAgent	ERROR	unable to stop listener: [Exception... "Component returned failure code: 0x8000ffff (NS_ERROR_UNEXPECTED) [nsIWindowMediator.getEnumerator]"  nsresult: "0x8000ffff (NS_ERROR_UNEXPECTED)"  location: "JS frame :: chrome://remote/content/cdp/observers/TargetObserver.jsm :: stop :: line 64"  data: no] Stack trace: stop()@TargetObserver.jsm:64
unwatchForTabs()@TargetList.jsm:70
unwatchForTargets()@TargetList.jsm:37
destructor()@TargetList.jsm:109
stop()@CDP.jsm:104
close()@RemoteAgent.js1664449733759	Marionette	INFO	Stopped listening on port 59352
JavaScript error: resource:///modules/Interactions.jsm, line 209: NS_ERROR_FAILURE: Component returned failure code: 0x80004005 (NS_ERROR_FAILURE) [nsIUserIdleService.removeIdleObserver]
!!! error running onStopped callback: TypeError: callback is not a function
1664449734233	RemoteAgent	ERROR	unable to stop listener: [Exception... "Component returned failure code: 0x8000ffff (NS_ERROR_UNEXPECTED) [nsIWindowMediator.getEnumerator]"  nsresult: "0x8000ffff (NS_ERROR_UNEXPECTED)"  location: "JS frame :: chrome://remote/content/cdp/observers/TargetObserver.jsm :: stop :: line 64"  data: no] Stack trace: stop()@TargetObserver.jsm:64
unwatchForTabs()@TargetList.jsm:70
unwatchForTargets()@TargetList.jsm:37
destructor()@TargetList.jsm:109
stop()@CDP.jsm:104
close()@RemoteAgent.jsm:138
1664449735463	geckodriver	INFO	Listening on 127.0.0.1:59655
1664457391454	geckodriver	INFO	Listening on 127.0.0.1:62908
